Traceback (most recent call last):
  File "/home/runner/micromamba-root/envs/buildenv/lib/python3.10/site-packages/jupyter_cache/executors/utils.py", line 51, in single_nb_execution
    executenb(
  File "/home/runner/micromamba-root/envs/buildenv/lib/python3.10/site-packages/nbclient/client.py", line 1204, in execute
    return NotebookClient(nb=nb, resources=resources, km=km, **kwargs).execute()
  File "/home/runner/micromamba-root/envs/buildenv/lib/python3.10/site-packages/nbclient/util.py", line 84, in wrapped
    return just_run(coro(*args, **kwargs))
  File "/home/runner/micromamba-root/envs/buildenv/lib/python3.10/site-packages/nbclient/util.py", line 62, in just_run
    return loop.run_until_complete(coro)
  File "/home/runner/micromamba-root/envs/buildenv/lib/python3.10/asyncio/base_events.py", line 646, in run_until_complete
    return future.result()
  File "/home/runner/micromamba-root/envs/buildenv/lib/python3.10/site-packages/nbclient/client.py", line 663, in async_execute
    await self.async_execute_cell(
  File "/home/runner/micromamba-root/envs/buildenv/lib/python3.10/site-packages/nbclient/client.py", line 965, in async_execute_cell
    await self._check_raise_for_error(cell, cell_index, exec_reply)
  File "/home/runner/micromamba-root/envs/buildenv/lib/python3.10/site-packages/nbclient/client.py", line 862, in _check_raise_for_error
    raise CellExecutionError.from_cell_and_msg(cell, exec_reply_content)
nbclient.exceptions.CellExecutionError: An error occurred while executing the following cell:
------------------
from scipy.optimize import fsolve

def diff_eq(t, population): 
  # t is independent variable
  # y is a vector of things we want solve_ivp to integrate for
  #  y = [y1, y2]
  #  y = [x,y]
  # return vector the same shape as population/y
    # this will be the differential equation for each thing in population/y

  x,y = population

  return [alpha*x - beta*x*y,
          delta*x*y - gamma*y]

solution = fsolve(diff_eq,
     [0.5, 0.5])

solution
------------------

[0;31m---------------------------------------------------------------------------[0m
[0;31mTypeError[0m                                 Traceback (most recent call last)
Cell [0;32mIn [7], line 16[0m
[1;32m     11[0m   x,y [38;5;241m=[39m population
[1;32m     13[0m   [38;5;28;01mreturn[39;00m [alpha[38;5;241m*[39mx [38;5;241m-[39m beta[38;5;241m*[39mx[38;5;241m*[39my,
[1;32m     14[0m           delta[38;5;241m*[39mx[38;5;241m*[39my [38;5;241m-[39m gamma[38;5;241m*[39my]
[0;32m---> 16[0m solution [38;5;241m=[39m [43mfsolve[49m[43m([49m[43mdiff_eq[49m[43m,[49m
[1;32m     17[0m [43m     [49m[43m[[49m[38;5;241;43m0.5[39;49m[43m,[49m[43m [49m[38;5;241;43m0.5[39;49m[43m][49m[43m)[49m
[1;32m     19[0m solution

File [0;32m~/micromamba-root/envs/buildenv/lib/python3.10/site-packages/scipy/optimize/_minpack_py.py:160[0m, in [0;36mfsolve[0;34m(func, x0, args, fprime, full_output, col_deriv, xtol, maxfev, band, epsfcn, factor, diag)[0m
[1;32m     49[0m [38;5;124;03m"""[39;00m
[1;32m     50[0m [38;5;124;03mFind the roots of a function.[39;00m
[1;32m     51[0m 
[0;32m   (...)[0m
[1;32m    150[0m 
[1;32m    151[0m [38;5;124;03m"""[39;00m
[1;32m    152[0m options [38;5;241m=[39m {[38;5;124m'[39m[38;5;124mcol_deriv[39m[38;5;124m'[39m: col_deriv,
[1;32m    153[0m            [38;5;124m'[39m[38;5;124mxtol[39m[38;5;124m'[39m: xtol,
[1;32m    154[0m            [38;5;124m'[39m[38;5;124mmaxfev[39m[38;5;124m'[39m: maxfev,
[0;32m   (...)[0m
[1;32m    157[0m            [38;5;124m'[39m[38;5;124mfactor[39m[38;5;124m'[39m: factor,
[1;32m    158[0m            [38;5;124m'[39m[38;5;124mdiag[39m[38;5;124m'[39m: diag}
[0;32m--> 160[0m res [38;5;241m=[39m [43m_root_hybr[49m[43m([49m[43mfunc[49m[43m,[49m[43m [49m[43mx0[49m[43m,[49m[43m [49m[43margs[49m[43m,[49m[43m [49m[43mjac[49m[38;5;241;43m=[39;49m[43mfprime[49m[43m,[49m[43m [49m[38;5;241;43m*[39;49m[38;5;241;43m*[39;49m[43moptions[49m[43m)[49m
[1;32m    161[0m [38;5;28;01mif[39;00m full_output:
[1;32m    162[0m     x [38;5;241m=[39m res[[38;5;124m'[39m[38;5;124mx[39m[38;5;124m'[39m]

File [0;32m~/micromamba-root/envs/buildenv/lib/python3.10/site-packages/scipy/optimize/_minpack_py.py:226[0m, in [0;36m_root_hybr[0;34m(func, x0, args, jac, col_deriv, xtol, maxfev, band, eps, factor, diag, **unknown_options)[0m
[1;32m    224[0m [38;5;28;01mif[39;00m [38;5;129;01mnot[39;00m [38;5;28misinstance[39m(args, [38;5;28mtuple[39m):
[1;32m    225[0m     args [38;5;241m=[39m (args,)
[0;32m--> 226[0m shape, dtype [38;5;241m=[39m [43m_check_func[49m[43m([49m[38;5;124;43m'[39;49m[38;5;124;43mfsolve[39;49m[38;5;124;43m'[39;49m[43m,[49m[43m [49m[38;5;124;43m'[39;49m[38;5;124;43mfunc[39;49m[38;5;124;43m'[39;49m[43m,[49m[43m [49m[43mfunc[49m[43m,[49m[43m [49m[43mx0[49m[43m,[49m[43m [49m[43margs[49m[43m,[49m[43m [49m[43mn[49m[43m,[49m[43m [49m[43m([49m[43mn[49m[43m,[49m[43m)[49m[43m)[49m
[1;32m    227[0m [38;5;28;01mif[39;00m epsfcn [38;5;129;01mis[39;00m [38;5;28;01mNone[39;00m:
[1;32m    228[0m     epsfcn [38;5;241m=[39m finfo(dtype)[38;5;241m.[39meps

File [0;32m~/micromamba-root/envs/buildenv/lib/python3.10/site-packages/scipy/optimize/_minpack_py.py:24[0m, in [0;36m_check_func[0;34m(checker, argname, thefunc, x0, args, numinputs, output_shape)[0m
[1;32m     22[0m [38;5;28;01mdef[39;00m [38;5;21m_check_func[39m(checker, argname, thefunc, x0, args, numinputs,
[1;32m     23[0m                 output_shape[38;5;241m=[39m[38;5;28;01mNone[39;00m):
[0;32m---> 24[0m     res [38;5;241m=[39m atleast_1d([43mthefunc[49m[43m([49m[38;5;241;43m*[39;49m[43m([49m[43m([49m[43mx0[49m[43m[[49m[43m:[49m[43mnuminputs[49m[43m][49m[43m,[49m[43m)[49m[43m [49m[38;5;241;43m+[39;49m[43m [49m[43margs[49m[43m)[49m[43m)[49m)
[1;32m     25[0m     [38;5;28;01mif[39;00m (output_shape [38;5;129;01mis[39;00m [38;5;129;01mnot[39;00m [38;5;28;01mNone[39;00m) [38;5;129;01mand[39;00m (shape(res) [38;5;241m!=[39m output_shape):
[1;32m     26[0m         [38;5;28;01mif[39;00m (output_shape[[38;5;241m0[39m] [38;5;241m!=[39m [38;5;241m1[39m):

[0;31mTypeError[0m: diff_eq() missing 1 required positional argument: 'population'
TypeError: diff_eq() missing 1 required positional argument: 'population'

